<?xml version="1.0" encoding="UTF-8"?>
<!-- Generated by org.testng.reporters.JUnitReportReporter -->
<testsuite skipped="0" hostname="03HW056545" name="project123.HomeRenewalTest" tests="1" failures="0" timestamp="2019-10-16T12:28:25 BST" time="28.947" errors="0">
  <testcase name="homePageNavigation" time="28.947" classname="project123.HomeRenewalTest"/>
</testsuite> <!-- project123.HomeRenewalTest -->
