<?xml version="1.0" encoding="UTF-8"?>
<!-- Generated by org.testng.reporters.JUnitReportReporter -->
<testsuite skipped="0" hostname="DESKTOP-G716EM5" name="project123.HomeTest" tests="2" failures="0" timestamp="2019-12-02T21:22:21 GMT" time="19.834" errors="0">
  <testcase name="navigateToHomeQuotePage" time="4.451" classname="project123.HomeTest"/>
  <testcase name="homeQuote" time="15.383" classname="project123.HomeTest"/>
</testsuite> <!-- project123.HomeTest -->
